#:C49    
#Xilinx FPGA Editor Command Log File
#Editor Version:
#:V   NT M2.1 P.20131013
#Current Working Directory:
#:D   C:\Users\zanek\Documents\GitHub\Warp-LC\fpga
#Date/Time:
#:T   Fri Oct 29 09:30:37 2021
#------------------------------
	#Reading WarpLC.ncd...
	#Loading device for application Rf_Device from file '6slx9.nph' in environment C:\Xilinx\14.7\ISE_DS\ISE\.
	#   "WarpLC" is an NCD, version 3.2, device xc6slx9, package ftg256, speed -2
	#Design creation date: 2021.10.29.13.29.43
	#Building chip graphics...
	#Loading speed info...
	#1
setattr main edit-mode no-logic-changes
	#2
select -k comp 'LHALT'
	#3
unselect -all
	#4
select comp 'LHALT'
	#comp "LHALT",  site "ILOGIC_X6Y0",  type = ILOGIC2  (RPM grid X34Y0)
	#5
unselect -all
	#6
select comp 'LHALT'
	#comp "LHALT",  site "ILOGIC_X6Y0",  type = ILOGIC2  (RPM grid X34Y0)
	#7
post block
	#8
unselect -all
	#9
unselect -all
	#10
unselect -all
	#11
post block
	#ERROR:FPGAEditor:79 - The "post block" command without any other arguments cannot
	#be performed unless the selection contains only a single site
	#or single component.  Change the selection and try again.
	#12
unselect -all
	#13
unselect -all
	#14
unselect -all
	#15
select site 'TIEOFF_X14Y0'
	#site "TIEOFF_X14Y0",  type = TIEOFF  (RPM grid X32Y0)
	#16
unselect -all
	#17
select site 'TIEOFF_X14Y0'
	#site "TIEOFF_X14Y0",  type = TIEOFF  (RPM grid X32Y0)
	#18
post block
	#19
unselect -all
	#20
select site 'TIEOFF_X15Y0'
	#site "TIEOFF_X15Y0",  type = TIEOFF  (RPM grid X33Y1)
	#21
post block
	#22
unselect -all
	#23
unselect -all
	#24
unselect -all
	#25
unselect -all
	#26
unselect -all
	#27
select site 'ILOGIC_X6Y2'
	#site "ILOGIC_X6Y2",  type = ILOGIC2  (RPM grid X34Y4)
	#28
unselect -all
	#29
select site 'ILOGIC_X6Y2'
	#site "ILOGIC_X6Y2",  type = ILOGIC2  (RPM grid X34Y4)
	#30
post block
	#31
unselect -all
	#32
post block
	#ERROR:FPGAEditor:79 - The "post block" command without any other arguments cannot
	#be performed unless the selection contains only a single site
	#or single component.  Change the selection and try again.
	#33
unselect -all
	#34
select comp 'LE'
	#comp "LE",  site "SLICE_X11Y2",  type = SLICEX  (RPM grid X35Y8)
	#35
unselect -all
	#36
select comp 'LE'
	#comp "LE",  site "SLICE_X11Y2",  type = SLICEX  (RPM grid X35Y8)
	#37
post block
	#38
unselect -all
	#39
select pin 'SLICE_X0Y29.WE'
	#site.pin = SLICE_X0Y29.WE
	#40
unselect -all
	#41
select pin 'SLICE_X0Y29.WE'
	#site.pin = SLICE_X0Y29.WE
	#42
unselect -all
	#43
select pin 'SLICE_X0Y29.WE'
	#site.pin = SLICE_X0Y29.WE
	#44
post block
	#ERROR:FPGAEditor:79 - The "post block" command without any other arguments cannot
	#be performed unless the selection contains only a single site
	#or single component.  Change the selection and try again.
	#45
unselect -all
	#46
unselect -all
	#47
select comp 'nFPUCS2'
	#comp "nFPUCS2",  site "SLICE_X0Y29",  type = SLICEX  (RPM grid X5Y116)
	#48
unselect -all
	#49
select comp 'nFPUCS2'
	#comp "nFPUCS2",  site "SLICE_X0Y29",  type = SLICEX  (RPM grid X5Y116)
	#50
unselect -all
	#51
select comp 'nFPUCS2'
	#comp "nFPUCS2",  site "SLICE_X0Y29",  type = SLICEX  (RPM grid X5Y116)
	#52
post block
	#53
unselect -all
	#54
select comp 'LastA<31>'
	#comp "LastA<31>",  site "SLICE_X0Y27",  type = SLICEL  (RPM grid X5Y108)
	#55
post block
